<?xml version="1.0" encoding="UTF-8"?>
<!-- Generated by org.testng.reporters.JUnitReportReporter -->
<testsuite skipped="0" hostname="DESKTOP-91JR73E" name="mobileAutomation.CalculatorApp" tests="1" failures="0" timestamp="25 May 2019 02:59:05 GMT" time="36.182" errors="0">
  <testcase name="Launch" time="36.182" classname="mobileAutomation.CalculatorApp"/>
</testsuite> <!-- mobileAutomation.CalculatorApp -->
